[2017-05-22 11:56:48] local.ERROR: PDOException: SQLSTATE[42S22]: Column not found: 1054 Unknown column 'CorrectAnswer' in 'field list' in /var/www/html/Testify/Testify/Testify/vendor/laravel/framework/src/Illuminate/Database/Connection.php:445
Stack trace:
#0 /var/www/html/Testify/Testify/Testify/vendor/laravel/framework/src/Illuminate/Database/Connection.php(445): PDO->prepare('insert into `re...')
#1 /var/www/html/Testify/Testify/Testify/vendor/laravel/framework/src/Illuminate/Database/Connection.php(640): Illuminate\Database\Connection->Illuminate\Database\{closure}('insert into `re...', Array)
#2 /var/www/html/Testify/Testify/Testify/vendor/laravel/framework/src/Illuminate/Database/Connection.php(607): Illuminate\Database\Connection->runQueryCallback('insert into `re...', Array, Object(Closure))
#3 /var/www/html/Testify/Testify/Testify/vendor/laravel/framework/src/Illuminate/Database/Connection.php(450): Illuminate\Database\Connection->run('insert into `re...', Array, Object(Closure))
#4 /var/www/html/Testify/Testify/Testify/vendor/laravel/framework/src/Illuminate/Database/Connection.php(404): Illuminate\Database\Connection->statement('insert into `re...', Array)
#5 /var/www/html/Testify/Testify/Testify/vendor/laravel/framework/src/Illuminate/Database/Query/Builder.php(2114): Illuminate\Database\Connection->insert('insert into `re...', Array)
#6 /var/www/html/Testify/Testify/Testify/vendor/laravel/framework/src/Illuminate/Database/Eloquent/Builder.php(1236): Illuminate\Database\Query\Builder->insert(Array)
#7 /var/www/html/Testify/Testify/Testify/vendor/laravel/framework/src/Illuminate/Database/Eloquent/Model.php(1332): Illuminate\Database\Eloquent\Builder->__call('insert', Array)
#8 /var/www/html/Testify/Testify/Testify/vendor/laravel/framework/src/Illuminate/Database/Eloquent/Model.php(1344): Illuminate\Database\Eloquent\Model->__call('insert', Array)
#9 /var/www/html/Testify/Testify/Testify/database/seeds/ExampleResultSeeder.php(17): Illuminate\Database\Eloquent\Model::__callStatic('insert', Array)
#10 [internal function]: ExampleResultSeeder->run()
#11 /var/www/html/Testify/Testify/Testify/vendor/laravel/framework/src/Illuminate/Container/BoundMethod.php(29): call_user_func_array(Array, Array)
#12 /var/www/html/Testify/Testify/Testify/vendor/laravel/framework/src/Illuminate/Container/BoundMethod.php(87): Illuminate\Container\BoundMethod::Illuminate\Container\{closure}()
#13 /var/www/html/Testify/Testify/Testify/vendor/laravel/framework/src/Illuminate/Container/BoundMethod.php(31): Illuminate\Container\BoundMethod::callBoundMethod(Object(Illuminate\Foundation\Application), Array, Object(Closure))
#14 /var/www/html/Testify/Testify/Testify/vendor/laravel/framework/src/Illuminate/Container/Container.php(531): Illuminate\Container\BoundMethod::call(Object(Illuminate\Foundation\Application), Array, Array, NULL)
#15 /var/www/html/Testify/Testify/Testify/vendor/laravel/framework/src/Illuminate/Database/Seeder.php(103): Illuminate\Container\Container->call(Array)
#16 /var/www/html/Testify/Testify/Testify/vendor/laravel/framework/src/Illuminate/Database/Seeder.php(37): Illuminate\Database\Seeder->__invoke()
#17 /var/www/html/Testify/Testify/Testify/database/seeds/DatabaseSeeder.php(15): Illuminate\Database\Seeder->call('ExampleResultSe...')
#18 [internal function]: DatabaseSeeder->run()
#19 /var/www/html/Testify/Testify/Testify/vendor/laravel/framework/src/Illuminate/Container/BoundMethod.php(29): call_user_func_array(Array, Array)
#20 /var/www/html/Testify/Testify/Testify/vendor/laravel/framework/src/Illuminate/Container/BoundMethod.php(87): Illuminate\Container\BoundMethod::Illuminate\Container\{closure}()
#21 /var/www/html/Testify/Testify/Testify/vendor/laravel/framework/src/Illuminate/Container/BoundMethod.php(31): Illuminate\Container\BoundMethod::callBoundMethod(Object(Illuminate\Foundation\Application), Array, Object(Closure))
#22 /var/www/html/Testify/Testify/Testify/vendor/laravel/framework/src/Illuminate/Container/Container.php(531): Illuminate\Container\BoundMethod::call(Object(Illuminate\Foundation\Application), Array, Array, NULL)
#23 /var/www/html/Testify/Testify/Testify/vendor/laravel/framework/src/Illuminate/Database/Seeder.php(103): Illuminate\Container\Container->call(Array)
#24 /var/www/html/Testify/Testify/Testify/vendor/laravel/framework/src/Illuminate/Database/Console/Seeds/SeedCommand.php(63): Illuminate\Database\Seeder->__invoke()
#25 /var/www/html/Testify/Testify/Testify/vendor/laravel/framework/src/Illuminate/Database/Eloquent/Concerns/GuardsAttributes.php(122): Illuminate\Database\Console\Seeds\SeedCommand->Illuminate\Database\Console\Seeds\{closure}()
#26 /var/www/html/Testify/Testify/Testify/vendor/laravel/framework/src/Illuminate/Database/Console/Seeds/SeedCommand.php(64): Illuminate\Database\Eloquent\Model::unguarded(Object(Closure))
#27 [internal function]: Illuminate\Database\Console\Seeds\SeedCommand->fire()
#28 /var/www/html/Testify/Testify/Testify/vendor/laravel/framework/src/Illuminate/Container/BoundMethod.php(29): call_user_func_array(Array, Array)
#29 /var/www/html/Testify/Testify/Testify/vendor/laravel/framework/src/Illuminate/Container/BoundMethod.php(87): Illuminate\Container\BoundMethod::Illuminate\Container\{closure}()
#30 /var/www/html/Testify/Testify/Testify/vendor/laravel/framework/src/Illuminate/Container/BoundMethod.php(31): Illuminate\Container\BoundMethod::callBoundMethod(Object(Illuminate\Foundation\Application), Array, Object(Closure))
#31 /var/www/html/Testify/Testify/Testify/vendor/laravel/framework/src/Illuminate/Container/Container.php(531): Illuminate\Container\BoundMethod::call(Object(Illuminate\Foundation\Application), Array, Array, NULL)
#32 /var/www/html/Testify/Testify/Testify/vendor/laravel/framework/src/Illuminate/Console/Command.php(182): Illuminate\Container\Container->call(Array)
#33 /var/www/html/Testify/Testify/Testify/vendor/symfony/console/Command/Command.php(264): Illuminate\Console\Command->execute(Object(Symfony\Component\Console\Input\ArgvInput), Object(Illuminate\Console\OutputStyle))
#34 /var/www/html/Testify/Testify/Testify/vendor/laravel/framework/src/Illuminate/Console/Command.php(167): Symfony\Component\Console\Command\Command->run(Object(Symfony\Component\Console\Input\ArgvInput), Object(Illuminate\Console\OutputStyle))
#35 /var/www/html/Testify/Testify/Testify/vendor/symfony/console/Application.php(835): Illuminate\Console\Command->run(Object(Symfony\Component\Console\Input\ArgvInput), Object(Symfony\Component\Console\Output\ConsoleOutput))
#36 /var/www/html/Testify/Testify/Testify/vendor/symfony/console/Application.php(200): Symfony\Component\Console\Application->doRunCommand(Object(Illuminate\Database\Console\Seeds\SeedCommand), Object(Symfony\Component\Console\Input\ArgvInput), Object(Symfony\Component\Console\Output\ConsoleOutput))
#37 /var/www/html/Testify/Testify/Testify/vendor/symfony/console/Application.php(124): Symfony\Component\Console\Application->doRun(Object(Symfony\Component\Console\Input\ArgvInput), Object(Symfony\Component\Console\Output\ConsoleOutput))
#38 /var/www/html/Testify/Testify/Testify/vendor/laravel/framework/src/Illuminate/Foundation/Console/Kernel.php(122): Symfony\Component\Console\Application->run(Object(Symfony\Component\Console\Input\ArgvInput), Object(Symfony\Component\Console\Output\ConsoleOutput))
#39 /var/www/html/Testify/Testify/Testify/artisan(35): Illuminate\Foundation\Console\Kernel->handle(Object(Symfony\Component\Console\Input\ArgvInput), Object(Symfony\Component\Console\Output\ConsoleOutput))
#40 {main}

Next Illuminate\Database\QueryException: SQLSTATE[42S22]: Column not found: 1054 Unknown column 'CorrectAnswer' in 'field list' (SQL: insert into `results` (`TestId`, `UserId`, `QuestionId`, `Answer`, `CorrectAnswer`) values (1, 1, 1, 3, 3)) in /var/www/html/Testify/Testify/Testify/vendor/laravel/framework/src/Illuminate/Database/Connection.php:647
Stack trace:
#0 /var/www/html/Testify/Testify/Testify/vendor/laravel/framework/src/Illuminate/Database/Connection.php(607): Illuminate\Database\Connection->runQueryCallback('insert into `re...', Array, Object(Closure))
#1 /var/www/html/Testify/Testify/Testify/vendor/laravel/framework/src/Illuminate/Database/Connection.php(450): Illuminate\Database\Connection->run('insert into `re...', Array, Object(Closure))
#2 /var/www/html/Testify/Testify/Testify/vendor/laravel/framework/src/Illuminate/Database/Connection.php(404): Illuminate\Database\Connection->statement('insert into `re...', Array)
#3 /var/www/html/Testify/Testify/Testify/vendor/laravel/framework/src/Illuminate/Database/Query/Builder.php(2114): Illuminate\Database\Connection->insert('insert into `re...', Array)
#4 /var/www/html/Testify/Testify/Testify/vendor/laravel/framework/src/Illuminate/Database/Eloquent/Builder.php(1236): Illuminate\Database\Query\Builder->insert(Array)
#5 /var/www/html/Testify/Testify/Testify/vendor/laravel/framework/src/Illuminate/Database/Eloquent/Model.php(1332): Illuminate\Database\Eloquent\Builder->__call('insert', Array)
#6 /var/www/html/Testify/Testify/Testify/vendor/laravel/framework/src/Illuminate/Database/Eloquent/Model.php(1344): Illuminate\Database\Eloquent\Model->__call('insert', Array)
#7 /var/www/html/Testify/Testify/Testify/database/seeds/ExampleResultSeeder.php(17): Illuminate\Database\Eloquent\Model::__callStatic('insert', Array)
#8 [internal function]: ExampleResultSeeder->run()
#9 /var/www/html/Testify/Testify/Testify/vendor/laravel/framework/src/Illuminate/Container/BoundMethod.php(29): call_user_func_array(Array, Array)
#10 /var/www/html/Testify/Testify/Testify/vendor/laravel/framework/src/Illuminate/Container/BoundMethod.php(87): Illuminate\Container\BoundMethod::Illuminate\Container\{closure}()
#11 /var/www/html/Testify/Testify/Testify/vendor/laravel/framework/src/Illuminate/Container/BoundMethod.php(31): Illuminate\Container\BoundMethod::callBoundMethod(Object(Illuminate\Foundation\Application), Array, Object(Closure))
#12 /var/www/html/Testify/Testify/Testify/vendor/laravel/framework/src/Illuminate/Container/Container.php(531): Illuminate\Container\BoundMethod::call(Object(Illuminate\Foundation\Application), Array, Array, NULL)
#13 /var/www/html/Testify/Testify/Testify/vendor/laravel/framework/src/Illuminate/Database/Seeder.php(103): Illuminate\Container\Container->call(Array)
#14 /var/www/html/Testify/Testify/Testify/vendor/laravel/framework/src/Illuminate/Database/Seeder.php(37): Illuminate\Database\Seeder->__invoke()
#15 /var/www/html/Testify/Testify/Testify/database/seeds/DatabaseSeeder.php(15): Illuminate\Database\Seeder->call('ExampleResultSe...')
#16 [internal function]: DatabaseSeeder->run()
#17 /var/www/html/Testify/Testify/Testify/vendor/laravel/framework/src/Illuminate/Container/BoundMethod.php(29): call_user_func_array(Array, Array)
#18 /var/www/html/Testify/Testify/Testify/vendor/laravel/framework/src/Illuminate/Container/BoundMethod.php(87): Illuminate\Container\BoundMethod::Illuminate\Container\{closure}()
#19 /var/www/html/Testify/Testify/Testify/vendor/laravel/framework/src/Illuminate/Container/BoundMethod.php(31): Illuminate\Container\BoundMethod::callBoundMethod(Object(Illuminate\Foundation\Application), Array, Object(Closure))
#20 /var/www/html/Testify/Testify/Testify/vendor/laravel/framework/src/Illuminate/Container/Container.php(531): Illuminate\Container\BoundMethod::call(Object(Illuminate\Foundation\Application), Array, Array, NULL)
#21 /var/www/html/Testify/Testify/Testify/vendor/laravel/framework/src/Illuminate/Database/Seeder.php(103): Illuminate\Container\Container->call(Array)
#22 /var/www/html/Testify/Testify/Testify/vendor/laravel/framework/src/Illuminate/Database/Console/Seeds/SeedCommand.php(63): Illuminate\Database\Seeder->__invoke()
#23 /var/www/html/Testify/Testify/Testify/vendor/laravel/framework/src/Illuminate/Database/Eloquent/Concerns/GuardsAttributes.php(122): Illuminate\Database\Console\Seeds\SeedCommand->Illuminate\Database\Console\Seeds\{closure}()
#24 /var/www/html/Testify/Testify/Testify/vendor/laravel/framework/src/Illuminate/Database/Console/Seeds/SeedCommand.php(64): Illuminate\Database\Eloquent\Model::unguarded(Object(Closure))
#25 [internal function]: Illuminate\Database\Console\Seeds\SeedCommand->fire()
#26 /var/www/html/Testify/Testify/Testify/vendor/laravel/framework/src/Illuminate/Container/BoundMethod.php(29): call_user_func_array(Array, Array)
#27 /var/www/html/Testify/Testify/Testify/vendor/laravel/framework/src/Illuminate/Container/BoundMethod.php(87): Illuminate\Container\BoundMethod::Illuminate\Container\{closure}()
#28 /var/www/html/Testify/Testify/Testify/vendor/laravel/framework/src/Illuminate/Container/BoundMethod.php(31): Illuminate\Container\BoundMethod::callBoundMethod(Object(Illuminate\Foundation\Application), Array, Object(Closure))
#29 /var/www/html/Testify/Testify/Testify/vendor/laravel/framework/src/Illuminate/Container/Container.php(531): Illuminate\Container\BoundMethod::call(Object(Illuminate\Foundation\Application), Array, Array, NULL)
#30 /var/www/html/Testify/Testify/Testify/vendor/laravel/framework/src/Illuminate/Console/Command.php(182): Illuminate\Container\Container->call(Array)
#31 /var/www/html/Testify/Testify/Testify/vendor/symfony/console/Command/Command.php(264): Illuminate\Console\Command->execute(Object(Symfony\Component\Console\Input\ArgvInput), Object(Illuminate\Console\OutputStyle))
#32 /var/www/html/Testify/Testify/Testify/vendor/laravel/framework/src/Illuminate/Console/Command.php(167): Symfony\Component\Console\Command\Command->run(Object(Symfony\Component\Console\Input\ArgvInput), Object(Illuminate\Console\OutputStyle))
#33 /var/www/html/Testify/Testify/Testify/vendor/symfony/console/Application.php(835): Illuminate\Console\Command->run(Object(Symfony\Component\Console\Input\ArgvInput), Object(Symfony\Component\Console\Output\ConsoleOutput))
#34 /var/www/html/Testify/Testify/Testify/vendor/symfony/console/Application.php(200): Symfony\Component\Console\Application->doRunCommand(Object(Illuminate\Database\Console\Seeds\SeedCommand), Object(Symfony\Component\Console\Input\ArgvInput), Object(Symfony\Component\Console\Output\ConsoleOutput))
#35 /var/www/html/Testify/Testify/Testify/vendor/symfony/console/Application.php(124): Symfony\Component\Console\Application->doRun(Object(Symfony\Component\Console\Input\ArgvInput), Object(Symfony\Component\Console\Output\ConsoleOutput))
#36 /var/www/html/Testify/Testify/Testify/vendor/laravel/framework/src/Illuminate/Foundation/Console/Kernel.php(122): Symfony\Component\Console\Application->run(Object(Symfony\Component\Console\Input\ArgvInput), Object(Symfony\Component\Console\Output\ConsoleOutput))
#37 /var/www/html/Testify/Testify/Testify/artisan(35): Illuminate\Foundation\Console\Kernel->handle(Object(Symfony\Component\Console\Input\ArgvInput), Object(Symfony\Component\Console\Output\ConsoleOutput))
#38 {main}  
